2019-08-08 15:09:42,379 INFO [main] c.a.b.BoardApplication [StartupInfoLogger.java:50] Starting BoardApplication on yunmin-uui-MacBookPro.local with PID 21886 (/Users/minwoo/git/board_mw/board/bin/main started by minwoo in /Users/minwoo/git/board_mw/board)
2019-08-08 15:09:42,382 INFO [main] c.a.b.BoardApplication [SpringApplication.java:646] No active profile set, falling back to default profiles: default
2019-08-08 15:09:42,929 INFO [main] o.s.d.r.c.RepositoryConfigurationDelegate [RepositoryConfigurationDelegate.java:126] Bootstrapping Spring Data repositories in DEFAULT mode.
2019-08-08 15:09:42,988 INFO [main] o.s.d.r.c.RepositoryConfigurationDelegate [RepositoryConfigurationDelegate.java:182] Finished Spring Data repository scanning in 51ms. Found 1 repository interfaces.
2019-08-08 15:09:43,271 INFO [main] o.s.c.s.PostProcessorRegistrationDelegate$BeanPostProcessorChecker [PostProcessorRegistrationDelegate.java:330] Bean 'org.springframework.transaction.annotation.ProxyTransactionManagementConfiguration' of type [org.springframework.transaction.annotation.ProxyTransactionManagementConfiguration$$EnhancerBySpringCGLIB$$73edc5e8] is not eligible for getting processed by all BeanPostProcessors (for example: not eligible for auto-proxying)
2019-08-08 15:09:43,458 INFO [main] o.s.b.w.e.t.TomcatWebServer [TomcatWebServer.java:90] Tomcat initialized with port(s): 8080 (http)
2019-08-08 15:09:43,471 INFO [main] o.a.c.h.Http11NioProtocol [DirectJDKLog.java:173] Initializing ProtocolHandler ["http-nio-8080"]
2019-08-08 15:09:43,479 INFO [main] o.a.c.c.StandardService [DirectJDKLog.java:173] Starting service [Tomcat]
2019-08-08 15:09:43,479 INFO [main] o.a.c.c.StandardEngine [DirectJDKLog.java:173] Starting Servlet engine: [Apache Tomcat/9.0.21]
2019-08-08 15:09:43,591 INFO [main] o.a.c.c.C.[.[.[/] [DirectJDKLog.java:173] Initializing Spring embedded WebApplicationContext
2019-08-08 15:09:43,591 INFO [main] o.s.w.c.ContextLoader [ServletWebServerApplicationContext.java:283] Root WebApplicationContext: initialization completed in 1177 ms
2019-08-08 15:09:43,802 INFO [main] c.z.h.HikariDataSource [HikariDataSource.java:110] HikariPool-1 - Starting...
2019-08-08 15:09:44,209 INFO [main] c.z.h.HikariDataSource [HikariDataSource.java:123] HikariPool-1 - Start completed.
2019-08-08 15:09:44,248 INFO [main] o.h.j.i.u.LogHelper [LogHelper.java:31] HHH000204: Processing PersistenceUnitInfo [
	name: default
	...]
2019-08-08 15:09:44,287 INFO [main] o.h.Version [Version.java:46] HHH000412: Hibernate Core {5.3.10.Final}
2019-08-08 15:09:44,288 INFO [main] o.h.c.Environment [Environment.java:213] HHH000206: hibernate.properties not found
2019-08-08 15:09:44,389 INFO [main] o.h.a.c.Version [JavaReflectionManager.java:49] HCANN000001: Hibernate Commons Annotations {5.0.4.Final}
2019-08-08 15:09:44,487 INFO [main] o.h.d.Dialect [Dialect.java:157] HHH000400: Using dialect: org.hibernate.dialect.MySQL5Dialect
2019-08-08 15:09:45,007 INFO [main] o.s.o.j.LocalContainerEntityManagerFactoryBean [AbstractEntityManagerFactoryBean.java:415] Initialized JPA EntityManagerFactory for persistence unit 'default'
2019-08-08 15:09:45,467 INFO [main] o.s.s.c.ThreadPoolTaskExecutor [ExecutorConfigurationSupport.java:171] Initializing ExecutorService 'applicationTaskExecutor'
2019-08-08 15:09:45,502 WARN [main] o.s.b.a.o.j.JpaBaseConfiguration$JpaWebConfiguration$JpaWebMvcConfiguration [JpaBaseConfiguration.java:225] spring.jpa.open-in-view is enabled by default. Therefore, database queries may be performed during view rendering. Explicitly configure spring.jpa.open-in-view to disable this warning
2019-08-08 15:09:45,739 INFO [main] o.a.c.h.Http11NioProtocol [DirectJDKLog.java:173] Starting ProtocolHandler ["http-nio-8080"]
2019-08-08 15:09:45,764 INFO [main] o.s.b.w.e.t.TomcatWebServer [TomcatWebServer.java:202] Tomcat started on port(s): 8080 (http) with context path ''
2019-08-08 15:09:45,766 INFO [main] c.a.b.BoardApplication [StartupInfoLogger.java:59] Started BoardApplication in 3.756 seconds (JVM running for 4.27)
2019-08-08 15:10:02,258 INFO [http-nio-8080-exec-2] o.a.c.c.C.[.[.[/] [DirectJDKLog.java:173] Initializing Spring DispatcherServlet 'dispatcherServlet'
2019-08-08 15:10:02,259 INFO [http-nio-8080-exec-2] o.s.w.s.DispatcherServlet [FrameworkServlet.java:524] Initializing Servlet 'dispatcherServlet'
2019-08-08 15:10:02,268 INFO [http-nio-8080-exec-2] o.s.w.s.DispatcherServlet [FrameworkServlet.java:546] Completed initialization in 9 ms
2019-08-08 15:10:02,368 INFO [http-nio-8080-exec-2] c.a.b.c.BoardController [BoardController.java:69] aa
2019-08-08 15:10:29,518 INFO [http-nio-8080-exec-3] c.a.b.c.BoardController [BoardController.java:60] aa
2019-08-08 15:10:29,553 INFO [http-nio-8080-exec-3] o.h.h.i.QueryTranslatorFactoryInitiator [QueryTranslatorFactoryInitiator.java:47] HHH000397: Using ASTQueryTranslatorFactory
2019-08-08 15:10:48,718 INFO [http-nio-8080-exec-4] c.a.b.c.BoardController [BoardController.java:69] aa
2019-08-08 15:10:48,741 WARN [http-nio-8080-exec-4] o.h.e.j.s.SqlExceptionHelper [SqlExceptionHelper.java:137] SQL Error: 1048, SQLState: 23000
2019-08-08 15:10:48,742 ERROR [http-nio-8080-exec-4] o.h.e.j.s.SqlExceptionHelper [SqlExceptionHelper.java:142] Column 'contents' cannot be null
2019-08-08 15:12:09,822 INFO [RMI TCP Connection(15)-127.0.0.1] o.s.b.a.SpringApplicationAdminMXBeanRegistrar$SpringApplicationAdmin [SpringApplicationAdminMXBeanRegistrar.java:159] Application shutdown requested.
2019-08-08 15:12:09,830 INFO [RMI TCP Connection(15)-127.0.0.1] o.s.s.c.ThreadPoolTaskExecutor [ExecutorConfigurationSupport.java:208] Shutting down ExecutorService 'applicationTaskExecutor'
2019-08-08 15:12:09,831 INFO [RMI TCP Connection(15)-127.0.0.1] o.s.o.j.LocalContainerEntityManagerFactoryBean [AbstractEntityManagerFactoryBean.java:597] Closing JPA EntityManagerFactory for persistence unit 'default'
2019-08-08 15:12:09,834 INFO [RMI TCP Connection(15)-127.0.0.1] c.z.h.HikariDataSource [HikariDataSource.java:350] HikariPool-1 - Shutdown initiated...
2019-08-08 15:12:09,838 INFO [RMI TCP Connection(15)-127.0.0.1] c.z.h.HikariDataSource [HikariDataSource.java:352] HikariPool-1 - Shutdown completed.
2019-08-08 15:12:12,005 INFO [main] c.a.b.BoardApplication [StartupInfoLogger.java:50] Starting BoardApplication on yunmin-uui-MacBookPro.local with PID 21891 (/Users/minwoo/git/board_mw/board/bin/main started by minwoo in /Users/minwoo/git/board_mw/board)
2019-08-08 15:12:12,008 INFO [main] c.a.b.BoardApplication [SpringApplication.java:646] No active profile set, falling back to default profiles: default
2019-08-08 15:12:12,479 INFO [main] o.s.d.r.c.RepositoryConfigurationDelegate [RepositoryConfigurationDelegate.java:126] Bootstrapping Spring Data repositories in DEFAULT mode.
2019-08-08 15:12:12,532 INFO [main] o.s.d.r.c.RepositoryConfigurationDelegate [RepositoryConfigurationDelegate.java:182] Finished Spring Data repository scanning in 47ms. Found 1 repository interfaces.
2019-08-08 15:12:12,826 INFO [main] o.s.c.s.PostProcessorRegistrationDelegate$BeanPostProcessorChecker [PostProcessorRegistrationDelegate.java:330] Bean 'org.springframework.transaction.annotation.ProxyTransactionManagementConfiguration' of type [org.springframework.transaction.annotation.ProxyTransactionManagementConfiguration$$EnhancerBySpringCGLIB$$1910447e] is not eligible for getting processed by all BeanPostProcessors (for example: not eligible for auto-proxying)
2019-08-08 15:12:13,003 INFO [main] o.s.b.w.e.t.TomcatWebServer [TomcatWebServer.java:90] Tomcat initialized with port(s): 8080 (http)
2019-08-08 15:12:13,015 INFO [main] o.a.c.h.Http11NioProtocol [DirectJDKLog.java:173] Initializing ProtocolHandler ["http-nio-8080"]
2019-08-08 15:12:13,022 INFO [main] o.a.c.c.StandardService [DirectJDKLog.java:173] Starting service [Tomcat]
2019-08-08 15:12:13,022 INFO [main] o.a.c.c.StandardEngine [DirectJDKLog.java:173] Starting Servlet engine: [Apache Tomcat/9.0.21]
2019-08-08 15:12:13,092 INFO [main] o.a.c.c.C.[.[.[/] [DirectJDKLog.java:173] Initializing Spring embedded WebApplicationContext
2019-08-08 15:12:13,092 INFO [main] o.s.w.c.ContextLoader [ServletWebServerApplicationContext.java:283] Root WebApplicationContext: initialization completed in 1050 ms
2019-08-08 15:12:13,207 INFO [main] c.z.h.HikariDataSource [HikariDataSource.java:110] HikariPool-1 - Starting...
2019-08-08 15:12:13,668 INFO [main] c.z.h.HikariDataSource [HikariDataSource.java:123] HikariPool-1 - Start completed.
2019-08-08 15:12:13,709 INFO [main] o.h.j.i.u.LogHelper [LogHelper.java:31] HHH000204: Processing PersistenceUnitInfo [
	name: default
	...]
2019-08-08 15:12:13,751 INFO [main] o.h.Version [Version.java:46] HHH000412: Hibernate Core {5.3.10.Final}
2019-08-08 15:12:13,752 INFO [main] o.h.c.Environment [Environment.java:213] HHH000206: hibernate.properties not found
2019-08-08 15:12:13,866 INFO [main] o.h.a.c.Version [JavaReflectionManager.java:49] HCANN000001: Hibernate Commons Annotations {5.0.4.Final}
2019-08-08 15:12:13,944 INFO [main] o.h.d.Dialect [Dialect.java:157] HHH000400: Using dialect: org.hibernate.dialect.MySQL5Dialect
2019-08-08 15:12:14,298 INFO [main] o.s.o.j.LocalContainerEntityManagerFactoryBean [AbstractEntityManagerFactoryBean.java:415] Initialized JPA EntityManagerFactory for persistence unit 'default'
2019-08-08 15:12:14,676 INFO [main] o.s.s.c.ThreadPoolTaskExecutor [ExecutorConfigurationSupport.java:171] Initializing ExecutorService 'applicationTaskExecutor'
2019-08-08 15:12:14,712 WARN [main] o.s.b.a.o.j.JpaBaseConfiguration$JpaWebConfiguration$JpaWebMvcConfiguration [JpaBaseConfiguration.java:225] spring.jpa.open-in-view is enabled by default. Therefore, database queries may be performed during view rendering. Explicitly configure spring.jpa.open-in-view to disable this warning
2019-08-08 15:12:14,977 INFO [main] o.a.c.h.Http11NioProtocol [DirectJDKLog.java:173] Starting ProtocolHandler ["http-nio-8080"]
2019-08-08 15:12:15,009 INFO [main] o.s.b.w.e.t.TomcatWebServer [TomcatWebServer.java:202] Tomcat started on port(s): 8080 (http) with context path ''
2019-08-08 15:12:15,011 INFO [main] c.a.b.BoardApplication [StartupInfoLogger.java:59] Started BoardApplication in 3.385 seconds (JVM running for 3.872)
2019-08-08 15:12:27,579 INFO [http-nio-8080-exec-2] o.a.c.c.C.[.[.[/] [DirectJDKLog.java:173] Initializing Spring DispatcherServlet 'dispatcherServlet'
2019-08-08 15:12:27,582 INFO [http-nio-8080-exec-2] o.s.w.s.DispatcherServlet [FrameworkServlet.java:524] Initializing Servlet 'dispatcherServlet'
2019-08-08 15:12:27,589 INFO [http-nio-8080-exec-2] o.s.w.s.DispatcherServlet [FrameworkServlet.java:546] Completed initialization in 7 ms
2019-08-08 15:12:27,626 INFO [http-nio-8080-exec-2] c.a.b.c.BoardController [BoardController.java:69] aa
2019-08-08 15:12:27,687 WARN [http-nio-8080-exec-2] o.h.e.j.s.SqlExceptionHelper [SqlExceptionHelper.java:137] SQL Error: 1048, SQLState: 23000
2019-08-08 15:12:27,688 ERROR [http-nio-8080-exec-2] o.h.e.j.s.SqlExceptionHelper [SqlExceptionHelper.java:142] Column 'contents' cannot be null
2019-08-08 15:12:43,304 INFO [RMI TCP Connection(10)-127.0.0.1] o.s.b.a.SpringApplicationAdminMXBeanRegistrar$SpringApplicationAdmin [SpringApplicationAdminMXBeanRegistrar.java:159] Application shutdown requested.
2019-08-08 15:12:43,308 INFO [RMI TCP Connection(10)-127.0.0.1] o.s.s.c.ThreadPoolTaskExecutor [ExecutorConfigurationSupport.java:208] Shutting down ExecutorService 'applicationTaskExecutor'
2019-08-08 15:12:43,309 INFO [RMI TCP Connection(10)-127.0.0.1] o.s.o.j.LocalContainerEntityManagerFactoryBean [AbstractEntityManagerFactoryBean.java:597] Closing JPA EntityManagerFactory for persistence unit 'default'
2019-08-08 15:12:43,311 INFO [RMI TCP Connection(10)-127.0.0.1] c.z.h.HikariDataSource [HikariDataSource.java:350] HikariPool-1 - Shutdown initiated...
2019-08-08 15:12:43,316 INFO [RMI TCP Connection(10)-127.0.0.1] c.z.h.HikariDataSource [HikariDataSource.java:352] HikariPool-1 - Shutdown completed.
2019-08-08 15:12:45,969 INFO [main] c.a.b.BoardApplication [StartupInfoLogger.java:50] Starting BoardApplication on yunmin-uui-MacBookPro.local with PID 21892 (/Users/minwoo/git/board_mw/board/bin/main started by minwoo in /Users/minwoo/git/board_mw/board)
2019-08-08 15:12:45,973 INFO [main] c.a.b.BoardApplication [SpringApplication.java:646] No active profile set, falling back to default profiles: default
2019-08-08 15:12:46,529 INFO [main] o.s.d.r.c.RepositoryConfigurationDelegate [RepositoryConfigurationDelegate.java:126] Bootstrapping Spring Data repositories in DEFAULT mode.
2019-08-08 15:12:46,587 INFO [main] o.s.d.r.c.RepositoryConfigurationDelegate [RepositoryConfigurationDelegate.java:182] Finished Spring Data repository scanning in 50ms. Found 1 repository interfaces.
2019-08-08 15:12:46,880 INFO [main] o.s.c.s.PostProcessorRegistrationDelegate$BeanPostProcessorChecker [PostProcessorRegistrationDelegate.java:330] Bean 'org.springframework.transaction.annotation.ProxyTransactionManagementConfiguration' of type [org.springframework.transaction.annotation.ProxyTransactionManagementConfiguration$$EnhancerBySpringCGLIB$$a61c658e] is not eligible for getting processed by all BeanPostProcessors (for example: not eligible for auto-proxying)
2019-08-08 15:12:47,072 INFO [main] o.s.b.w.e.t.TomcatWebServer [TomcatWebServer.java:90] Tomcat initialized with port(s): 8080 (http)
2019-08-08 15:12:47,083 INFO [main] o.a.c.h.Http11NioProtocol [DirectJDKLog.java:173] Initializing ProtocolHandler ["http-nio-8080"]
2019-08-08 15:12:47,090 INFO [main] o.a.c.c.StandardService [DirectJDKLog.java:173] Starting service [Tomcat]
2019-08-08 15:12:47,091 INFO [main] o.a.c.c.StandardEngine [DirectJDKLog.java:173] Starting Servlet engine: [Apache Tomcat/9.0.21]
2019-08-08 15:12:47,166 INFO [main] o.a.c.c.C.[.[.[/] [DirectJDKLog.java:173] Initializing Spring embedded WebApplicationContext
2019-08-08 15:12:47,167 INFO [main] o.s.w.c.ContextLoader [ServletWebServerApplicationContext.java:283] Root WebApplicationContext: initialization completed in 1105 ms
2019-08-08 15:12:47,314 INFO [main] c.z.h.HikariDataSource [HikariDataSource.java:110] HikariPool-1 - Starting...
2019-08-08 15:12:47,717 INFO [main] c.z.h.HikariDataSource [HikariDataSource.java:123] HikariPool-1 - Start completed.
2019-08-08 15:12:47,768 INFO [main] o.h.j.i.u.LogHelper [LogHelper.java:31] HHH000204: Processing PersistenceUnitInfo [
	name: default
	...]
2019-08-08 15:12:47,817 INFO [main] o.h.Version [Version.java:46] HHH000412: Hibernate Core {5.3.10.Final}
2019-08-08 15:12:47,819 INFO [main] o.h.c.Environment [Environment.java:213] HHH000206: hibernate.properties not found
2019-08-08 15:12:47,950 INFO [main] o.h.a.c.Version [JavaReflectionManager.java:49] HCANN000001: Hibernate Commons Annotations {5.0.4.Final}
2019-08-08 15:12:48,038 INFO [main] o.h.d.Dialect [Dialect.java:157] HHH000400: Using dialect: org.hibernate.dialect.MySQL5Dialect
2019-08-08 15:12:48,431 INFO [main] o.s.o.j.LocalContainerEntityManagerFactoryBean [AbstractEntityManagerFactoryBean.java:415] Initialized JPA EntityManagerFactory for persistence unit 'default'
2019-08-08 15:12:48,826 INFO [main] o.s.s.c.ThreadPoolTaskExecutor [ExecutorConfigurationSupport.java:171] Initializing ExecutorService 'applicationTaskExecutor'
2019-08-08 15:12:48,855 WARN [main] o.s.b.a.o.j.JpaBaseConfiguration$JpaWebConfiguration$JpaWebMvcConfiguration [JpaBaseConfiguration.java:225] spring.jpa.open-in-view is enabled by default. Therefore, database queries may be performed during view rendering. Explicitly configure spring.jpa.open-in-view to disable this warning
2019-08-08 15:12:49,037 INFO [main] o.a.c.h.Http11NioProtocol [DirectJDKLog.java:173] Starting ProtocolHandler ["http-nio-8080"]
2019-08-08 15:12:49,067 INFO [main] o.s.b.w.e.t.TomcatWebServer [TomcatWebServer.java:202] Tomcat started on port(s): 8080 (http) with context path ''
2019-08-08 15:12:49,069 INFO [main] c.a.b.BoardApplication [StartupInfoLogger.java:59] Started BoardApplication in 3.619 seconds (JVM running for 4.359)
2019-08-08 15:12:53,809 INFO [http-nio-8080-exec-1] o.a.c.c.C.[.[.[/] [DirectJDKLog.java:173] Initializing Spring DispatcherServlet 'dispatcherServlet'
2019-08-08 15:12:53,809 INFO [http-nio-8080-exec-1] o.s.w.s.DispatcherServlet [FrameworkServlet.java:524] Initializing Servlet 'dispatcherServlet'
2019-08-08 15:12:53,818 INFO [http-nio-8080-exec-1] o.s.w.s.DispatcherServlet [FrameworkServlet.java:546] Completed initialization in 9 ms
2019-08-08 15:12:53,852 INFO [http-nio-8080-exec-1] c.a.b.c.BoardController [BoardController.java:68] aa
2019-08-08 15:12:53,905 WARN [http-nio-8080-exec-1] o.h.e.j.s.SqlExceptionHelper [SqlExceptionHelper.java:137] SQL Error: 1048, SQLState: 23000
2019-08-08 15:12:53,905 ERROR [http-nio-8080-exec-1] o.h.e.j.s.SqlExceptionHelper [SqlExceptionHelper.java:142] Column 'contents' cannot be null
2019-08-08 15:14:20,274 INFO [RMI TCP Connection(14)-127.0.0.1] o.s.b.a.SpringApplicationAdminMXBeanRegistrar$SpringApplicationAdmin [SpringApplicationAdminMXBeanRegistrar.java:159] Application shutdown requested.
2019-08-08 15:14:20,277 INFO [RMI TCP Connection(14)-127.0.0.1] o.s.s.c.ThreadPoolTaskExecutor [ExecutorConfigurationSupport.java:208] Shutting down ExecutorService 'applicationTaskExecutor'
2019-08-08 15:14:20,278 INFO [RMI TCP Connection(14)-127.0.0.1] o.s.o.j.LocalContainerEntityManagerFactoryBean [AbstractEntityManagerFactoryBean.java:597] Closing JPA EntityManagerFactory for persistence unit 'default'
2019-08-08 15:14:20,280 INFO [RMI TCP Connection(14)-127.0.0.1] c.z.h.HikariDataSource [HikariDataSource.java:350] HikariPool-1 - Shutdown initiated...
2019-08-08 15:14:20,285 INFO [RMI TCP Connection(14)-127.0.0.1] c.z.h.HikariDataSource [HikariDataSource.java:352] HikariPool-1 - Shutdown completed.
2019-08-08 15:14:22,300 INFO [main] c.a.b.BoardApplication [StartupInfoLogger.java:50] Starting BoardApplication on yunmin-uui-MacBookPro.local with PID 21895 (/Users/minwoo/git/board_mw/board/bin/main started by minwoo in /Users/minwoo/git/board_mw/board)
2019-08-08 15:14:22,304 INFO [main] c.a.b.BoardApplication [SpringApplication.java:646] No active profile set, falling back to default profiles: default
2019-08-08 15:14:22,925 INFO [main] o.s.d.r.c.RepositoryConfigurationDelegate [RepositoryConfigurationDelegate.java:126] Bootstrapping Spring Data repositories in DEFAULT mode.
2019-08-08 15:14:22,988 INFO [main] o.s.d.r.c.RepositoryConfigurationDelegate [RepositoryConfigurationDelegate.java:182] Finished Spring Data repository scanning in 56ms. Found 1 repository interfaces.
2019-08-08 15:14:23,427 INFO [main] o.s.c.s.PostProcessorRegistrationDelegate$BeanPostProcessorChecker [PostProcessorRegistrationDelegate.java:330] Bean 'org.springframework.transaction.annotation.ProxyTransactionManagementConfiguration' of type [org.springframework.transaction.annotation.ProxyTransactionManagementConfiguration$$EnhancerBySpringCGLIB$$5f6c32f4] is not eligible for getting processed by all BeanPostProcessors (for example: not eligible for auto-proxying)
2019-08-08 15:14:23,732 INFO [main] o.s.b.w.e.t.TomcatWebServer [TomcatWebServer.java:90] Tomcat initialized with port(s): 8080 (http)
2019-08-08 15:14:23,758 INFO [main] o.a.c.h.Http11NioProtocol [DirectJDKLog.java:173] Initializing ProtocolHandler ["http-nio-8080"]
2019-08-08 15:14:23,769 INFO [main] o.a.c.c.StandardService [DirectJDKLog.java:173] Starting service [Tomcat]
2019-08-08 15:14:23,769 INFO [main] o.a.c.c.StandardEngine [DirectJDKLog.java:173] Starting Servlet engine: [Apache Tomcat/9.0.21]
2019-08-08 15:14:23,858 INFO [main] o.a.c.c.C.[.[.[/] [DirectJDKLog.java:173] Initializing Spring embedded WebApplicationContext
2019-08-08 15:14:23,858 INFO [main] o.s.w.c.ContextLoader [ServletWebServerApplicationContext.java:283] Root WebApplicationContext: initialization completed in 1432 ms
2019-08-08 15:14:24,000 INFO [main] c.z.h.HikariDataSource [HikariDataSource.java:110] HikariPool-1 - Starting...
2019-08-08 15:14:24,448 INFO [main] c.z.h.HikariDataSource [HikariDataSource.java:123] HikariPool-1 - Start completed.
2019-08-08 15:14:24,495 INFO [main] o.h.j.i.u.LogHelper [LogHelper.java:31] HHH000204: Processing PersistenceUnitInfo [
	name: default
	...]
2019-08-08 15:14:24,537 INFO [main] o.h.Version [Version.java:46] HHH000412: Hibernate Core {5.3.10.Final}
2019-08-08 15:14:24,538 INFO [main] o.h.c.Environment [Environment.java:213] HHH000206: hibernate.properties not found
2019-08-08 15:14:24,667 INFO [main] o.h.a.c.Version [JavaReflectionManager.java:49] HCANN000001: Hibernate Commons Annotations {5.0.4.Final}
2019-08-08 15:14:24,750 INFO [main] o.h.d.Dialect [Dialect.java:157] HHH000400: Using dialect: org.hibernate.dialect.MySQL5Dialect
2019-08-08 15:14:25,163 INFO [main] o.s.o.j.LocalContainerEntityManagerFactoryBean [AbstractEntityManagerFactoryBean.java:415] Initialized JPA EntityManagerFactory for persistence unit 'default'
2019-08-08 15:14:25,578 INFO [main] o.s.s.c.ThreadPoolTaskExecutor [ExecutorConfigurationSupport.java:171] Initializing ExecutorService 'applicationTaskExecutor'
2019-08-08 15:14:25,611 WARN [main] o.s.b.a.o.j.JpaBaseConfiguration$JpaWebConfiguration$JpaWebMvcConfiguration [JpaBaseConfiguration.java:225] spring.jpa.open-in-view is enabled by default. Therefore, database queries may be performed during view rendering. Explicitly configure spring.jpa.open-in-view to disable this warning
2019-08-08 15:14:25,874 INFO [main] o.a.c.h.Http11NioProtocol [DirectJDKLog.java:173] Starting ProtocolHandler ["http-nio-8080"]
2019-08-08 15:14:25,903 INFO [main] o.s.b.w.e.t.TomcatWebServer [TomcatWebServer.java:202] Tomcat started on port(s): 8080 (http) with context path ''
2019-08-08 15:14:25,905 INFO [main] c.a.b.BoardApplication [StartupInfoLogger.java:59] Started BoardApplication in 4.005 seconds (JVM running for 4.56)
2019-08-08 15:14:28,816 INFO [http-nio-8080-exec-1] o.a.c.c.C.[.[.[/] [DirectJDKLog.java:173] Initializing Spring DispatcherServlet 'dispatcherServlet'
2019-08-08 15:14:28,817 INFO [http-nio-8080-exec-1] o.s.w.s.DispatcherServlet [FrameworkServlet.java:524] Initializing Servlet 'dispatcherServlet'
2019-08-08 15:14:28,824 INFO [http-nio-8080-exec-1] o.s.w.s.DispatcherServlet [FrameworkServlet.java:546] Completed initialization in 6 ms
2019-08-08 15:14:28,864 INFO [http-nio-8080-exec-1] c.a.b.c.BoardController [BoardController.java:68] aa
2019-08-08 15:14:28,928 WARN [http-nio-8080-exec-1] o.h.e.j.s.SqlExceptionHelper [SqlExceptionHelper.java:137] SQL Error: 1048, SQLState: 23000
2019-08-08 15:14:28,929 ERROR [http-nio-8080-exec-1] o.h.e.j.s.SqlExceptionHelper [SqlExceptionHelper.java:142] Column 'contents' cannot be null
2019-08-08 15:14:31,458 INFO [http-nio-8080-exec-4] c.a.b.c.BoardController [BoardController.java:68] aa
2019-08-08 15:14:31,461 WARN [http-nio-8080-exec-4] o.h.e.j.s.SqlExceptionHelper [SqlExceptionHelper.java:137] SQL Error: 1048, SQLState: 23000
2019-08-08 15:14:31,461 ERROR [http-nio-8080-exec-4] o.h.e.j.s.SqlExceptionHelper [SqlExceptionHelper.java:142] Column 'contents' cannot be null
2019-08-08 15:16:09,061 INFO [RMI TCP Connection(14)-127.0.0.1] o.s.b.a.SpringApplicationAdminMXBeanRegistrar$SpringApplicationAdmin [SpringApplicationAdminMXBeanRegistrar.java:159] Application shutdown requested.
2019-08-08 15:16:09,069 INFO [RMI TCP Connection(14)-127.0.0.1] o.s.s.c.ThreadPoolTaskExecutor [ExecutorConfigurationSupport.java:208] Shutting down ExecutorService 'applicationTaskExecutor'
2019-08-08 15:16:09,070 INFO [RMI TCP Connection(14)-127.0.0.1] o.s.o.j.LocalContainerEntityManagerFactoryBean [AbstractEntityManagerFactoryBean.java:597] Closing JPA EntityManagerFactory for persistence unit 'default'
2019-08-08 15:16:09,072 INFO [RMI TCP Connection(14)-127.0.0.1] c.z.h.HikariDataSource [HikariDataSource.java:350] HikariPool-1 - Shutdown initiated...
2019-08-08 15:16:09,077 INFO [RMI TCP Connection(14)-127.0.0.1] c.z.h.HikariDataSource [HikariDataSource.java:352] HikariPool-1 - Shutdown completed.
2019-08-08 15:16:11,637 INFO [main] c.a.b.BoardApplication [StartupInfoLogger.java:50] Starting BoardApplication on yunmin-uui-MacBookPro.local with PID 21900 (/Users/minwoo/git/board_mw/board/bin/main started by minwoo in /Users/minwoo/git/board_mw/board)
2019-08-08 15:16:11,641 INFO [main] c.a.b.BoardApplication [SpringApplication.java:646] No active profile set, falling back to default profiles: default
2019-08-08 15:16:12,307 INFO [main] o.s.d.r.c.RepositoryConfigurationDelegate [RepositoryConfigurationDelegate.java:126] Bootstrapping Spring Data repositories in DEFAULT mode.
2019-08-08 15:16:12,361 INFO [main] o.s.d.r.c.RepositoryConfigurationDelegate [RepositoryConfigurationDelegate.java:182] Finished Spring Data repository scanning in 47ms. Found 1 repository interfaces.
2019-08-08 15:16:12,669 INFO [main] o.s.c.s.PostProcessorRegistrationDelegate$BeanPostProcessorChecker [PostProcessorRegistrationDelegate.java:330] Bean 'org.springframework.transaction.annotation.ProxyTransactionManagementConfiguration' of type [org.springframework.transaction.annotation.ProxyTransactionManagementConfiguration$$EnhancerBySpringCGLIB$$3718788a] is not eligible for getting processed by all BeanPostProcessors (for example: not eligible for auto-proxying)
2019-08-08 15:16:12,866 INFO [main] o.s.b.w.e.t.TomcatWebServer [TomcatWebServer.java:90] Tomcat initialized with port(s): 8080 (http)
2019-08-08 15:16:12,877 INFO [main] o.a.c.h.Http11NioProtocol [DirectJDKLog.java:173] Initializing ProtocolHandler ["http-nio-8080"]
2019-08-08 15:16:12,886 INFO [main] o.a.c.c.StandardService [DirectJDKLog.java:173] Starting service [Tomcat]
2019-08-08 15:16:12,887 INFO [main] o.a.c.c.StandardEngine [DirectJDKLog.java:173] Starting Servlet engine: [Apache Tomcat/9.0.21]
2019-08-08 15:16:12,963 INFO [main] o.a.c.c.C.[.[.[/] [DirectJDKLog.java:173] Initializing Spring embedded WebApplicationContext
2019-08-08 15:16:12,964 INFO [main] o.s.w.c.ContextLoader [ServletWebServerApplicationContext.java:283] Root WebApplicationContext: initialization completed in 1272 ms
2019-08-08 15:16:13,099 INFO [main] c.z.h.HikariDataSource [HikariDataSource.java:110] HikariPool-1 - Starting...
2019-08-08 15:16:13,516 INFO [main] c.z.h.HikariDataSource [HikariDataSource.java:123] HikariPool-1 - Start completed.
2019-08-08 15:16:13,560 INFO [main] o.h.j.i.u.LogHelper [LogHelper.java:31] HHH000204: Processing PersistenceUnitInfo [
	name: default
	...]
2019-08-08 15:16:13,599 INFO [main] o.h.Version [Version.java:46] HHH000412: Hibernate Core {5.3.10.Final}
2019-08-08 15:16:13,600 INFO [main] o.h.c.Environment [Environment.java:213] HHH000206: hibernate.properties not found
2019-08-08 15:16:13,758 INFO [main] o.h.a.c.Version [JavaReflectionManager.java:49] HCANN000001: Hibernate Commons Annotations {5.0.4.Final}
2019-08-08 15:16:13,851 INFO [main] o.h.d.Dialect [Dialect.java:157] HHH000400: Using dialect: org.hibernate.dialect.MySQL5Dialect
2019-08-08 15:16:14,301 INFO [main] o.s.o.j.LocalContainerEntityManagerFactoryBean [AbstractEntityManagerFactoryBean.java:415] Initialized JPA EntityManagerFactory for persistence unit 'default'
2019-08-08 15:16:14,726 INFO [main] o.s.s.c.ThreadPoolTaskExecutor [ExecutorConfigurationSupport.java:171] Initializing ExecutorService 'applicationTaskExecutor'
2019-08-08 15:16:14,758 WARN [main] o.s.b.a.o.j.JpaBaseConfiguration$JpaWebConfiguration$JpaWebMvcConfiguration [JpaBaseConfiguration.java:225] spring.jpa.open-in-view is enabled by default. Therefore, database queries may be performed during view rendering. Explicitly configure spring.jpa.open-in-view to disable this warning
2019-08-08 15:16:14,939 INFO [main] o.a.c.h.Http11NioProtocol [DirectJDKLog.java:173] Starting ProtocolHandler ["http-nio-8080"]
2019-08-08 15:16:14,968 INFO [main] o.s.b.w.e.t.TomcatWebServer [TomcatWebServer.java:202] Tomcat started on port(s): 8080 (http) with context path ''
2019-08-08 15:16:14,971 INFO [main] c.a.b.BoardApplication [StartupInfoLogger.java:59] Started BoardApplication in 3.762 seconds (JVM running for 4.349)
2019-08-08 15:16:28,732 INFO [http-nio-8080-exec-1] o.a.c.c.C.[.[.[/] [DirectJDKLog.java:173] Initializing Spring DispatcherServlet 'dispatcherServlet'
2019-08-08 15:16:28,733 INFO [http-nio-8080-exec-1] o.s.w.s.DispatcherServlet [FrameworkServlet.java:524] Initializing Servlet 'dispatcherServlet'
2019-08-08 15:16:28,741 INFO [http-nio-8080-exec-1] o.s.w.s.DispatcherServlet [FrameworkServlet.java:546] Completed initialization in 8 ms
2019-08-08 15:16:28,789 INFO [http-nio-8080-exec-1] c.a.b.c.BoardController [BoardController.java:68] aa
2019-08-08 15:16:28,852 WARN [http-nio-8080-exec-1] o.h.e.j.s.SqlExceptionHelper [SqlExceptionHelper.java:137] SQL Error: 1048, SQLState: 23000
2019-08-08 15:16:28,854 ERROR [http-nio-8080-exec-1] o.h.e.j.s.SqlExceptionHelper [SqlExceptionHelper.java:142] Column 'contents' cannot be null
2019-08-08 15:17:00,048 INFO [RMI TCP Connection(11)-127.0.0.1] o.s.b.a.SpringApplicationAdminMXBeanRegistrar$SpringApplicationAdmin [SpringApplicationAdminMXBeanRegistrar.java:159] Application shutdown requested.
2019-08-08 15:17:00,051 INFO [RMI TCP Connection(11)-127.0.0.1] o.s.s.c.ThreadPoolTaskExecutor [ExecutorConfigurationSupport.java:208] Shutting down ExecutorService 'applicationTaskExecutor'
2019-08-08 15:17:00,051 INFO [RMI TCP Connection(11)-127.0.0.1] o.s.o.j.LocalContainerEntityManagerFactoryBean [AbstractEntityManagerFactoryBean.java:597] Closing JPA EntityManagerFactory for persistence unit 'default'
2019-08-08 15:17:00,053 INFO [RMI TCP Connection(11)-127.0.0.1] c.z.h.HikariDataSource [HikariDataSource.java:350] HikariPool-1 - Shutdown initiated...
2019-08-08 15:17:00,057 INFO [RMI TCP Connection(11)-127.0.0.1] c.z.h.HikariDataSource [HikariDataSource.java:352] HikariPool-1 - Shutdown completed.
2019-08-08 15:17:02,766 INFO [main] c.a.b.BoardApplication [StartupInfoLogger.java:50] Starting BoardApplication on yunmin-uui-MacBookPro.local with PID 21902 (/Users/minwoo/git/board_mw/board/bin/main started by minwoo in /Users/minwoo/git/board_mw/board)
2019-08-08 15:17:02,770 INFO [main] c.a.b.BoardApplication [SpringApplication.java:646] No active profile set, falling back to default profiles: default
2019-08-08 15:17:03,424 INFO [main] o.s.d.r.c.RepositoryConfigurationDelegate [RepositoryConfigurationDelegate.java:126] Bootstrapping Spring Data repositories in DEFAULT mode.
2019-08-08 15:17:03,540 INFO [main] o.s.d.r.c.RepositoryConfigurationDelegate [RepositoryConfigurationDelegate.java:182] Finished Spring Data repository scanning in 109ms. Found 1 repository interfaces.
2019-08-08 15:17:04,029 INFO [main] o.s.c.s.PostProcessorRegistrationDelegate$BeanPostProcessorChecker [PostProcessorRegistrationDelegate.java:330] Bean 'org.springframework.transaction.annotation.ProxyTransactionManagementConfiguration' of type [org.springframework.transaction.annotation.ProxyTransactionManagementConfiguration$$EnhancerBySpringCGLIB$$63b0cbf0] is not eligible for getting processed by all BeanPostProcessors (for example: not eligible for auto-proxying)
2019-08-08 15:17:04,243 INFO [main] o.s.b.w.e.t.TomcatWebServer [TomcatWebServer.java:90] Tomcat initialized with port(s): 8080 (http)
2019-08-08 15:17:04,257 INFO [main] o.a.c.h.Http11NioProtocol [DirectJDKLog.java:173] Initializing ProtocolHandler ["http-nio-8080"]
2019-08-08 15:17:04,265 INFO [main] o.a.c.c.StandardService [DirectJDKLog.java:173] Starting service [Tomcat]
2019-08-08 15:17:04,265 INFO [main] o.a.c.c.StandardEngine [DirectJDKLog.java:173] Starting Servlet engine: [Apache Tomcat/9.0.21]
2019-08-08 15:17:04,334 INFO [main] o.a.c.c.C.[.[.[/] [DirectJDKLog.java:173] Initializing Spring embedded WebApplicationContext
2019-08-08 15:17:04,335 INFO [main] o.s.w.c.ContextLoader [ServletWebServerApplicationContext.java:283] Root WebApplicationContext: initialization completed in 1524 ms
2019-08-08 15:17:04,462 INFO [main] c.z.h.HikariDataSource [HikariDataSource.java:110] HikariPool-1 - Starting...
2019-08-08 15:17:04,884 INFO [main] c.z.h.HikariDataSource [HikariDataSource.java:123] HikariPool-1 - Start completed.
2019-08-08 15:17:04,932 INFO [main] o.h.j.i.u.LogHelper [LogHelper.java:31] HHH000204: Processing PersistenceUnitInfo [
	name: default
	...]
2019-08-08 15:17:04,984 INFO [main] o.h.Version [Version.java:46] HHH000412: Hibernate Core {5.3.10.Final}
2019-08-08 15:17:04,989 INFO [main] o.h.c.Environment [Environment.java:213] HHH000206: hibernate.properties not found
2019-08-08 15:17:05,147 INFO [main] o.h.a.c.Version [JavaReflectionManager.java:49] HCANN000001: Hibernate Commons Annotations {5.0.4.Final}
2019-08-08 15:17:05,252 INFO [main] o.h.d.Dialect [Dialect.java:157] HHH000400: Using dialect: org.hibernate.dialect.MySQL5Dialect
2019-08-08 15:17:05,703 INFO [main] o.s.o.j.LocalContainerEntityManagerFactoryBean [AbstractEntityManagerFactoryBean.java:415] Initialized JPA EntityManagerFactory for persistence unit 'default'
2019-08-08 15:17:06,105 INFO [main] o.s.s.c.ThreadPoolTaskExecutor [ExecutorConfigurationSupport.java:171] Initializing ExecutorService 'applicationTaskExecutor'
2019-08-08 15:17:06,157 WARN [main] o.s.b.a.o.j.JpaBaseConfiguration$JpaWebConfiguration$JpaWebMvcConfiguration [JpaBaseConfiguration.java:225] spring.jpa.open-in-view is enabled by default. Therefore, database queries may be performed during view rendering. Explicitly configure spring.jpa.open-in-view to disable this warning
2019-08-08 15:17:06,456 INFO [main] o.a.c.h.Http11NioProtocol [DirectJDKLog.java:173] Starting ProtocolHandler ["http-nio-8080"]
2019-08-08 15:17:06,484 INFO [main] o.s.b.w.e.t.TomcatWebServer [TomcatWebServer.java:202] Tomcat started on port(s): 8080 (http) with context path ''
2019-08-08 15:17:06,487 INFO [main] c.a.b.BoardApplication [StartupInfoLogger.java:59] Started BoardApplication in 4.125 seconds (JVM running for 4.637)
2019-08-08 15:17:14,663 INFO [http-nio-8080-exec-1] o.a.c.c.C.[.[.[/] [DirectJDKLog.java:173] Initializing Spring DispatcherServlet 'dispatcherServlet'
2019-08-08 15:17:14,667 INFO [http-nio-8080-exec-1] o.s.w.s.DispatcherServlet [FrameworkServlet.java:524] Initializing Servlet 'dispatcherServlet'
2019-08-08 15:17:14,675 INFO [http-nio-8080-exec-1] o.s.w.s.DispatcherServlet [FrameworkServlet.java:546] Completed initialization in 7 ms
2019-08-08 15:17:14,720 INFO [http-nio-8080-exec-1] c.a.b.c.BoardController [BoardController.java:68] aa
2019-08-08 15:17:14,784 WARN [http-nio-8080-exec-1] o.h.e.j.s.SqlExceptionHelper [SqlExceptionHelper.java:137] SQL Error: 1048, SQLState: 23000
2019-08-08 15:17:14,785 ERROR [http-nio-8080-exec-1] o.h.e.j.s.SqlExceptionHelper [SqlExceptionHelper.java:142] Column 'contents' cannot be null
2019-08-08 15:23:26,182 INFO [RMI TCP Connection(24)-127.0.0.1] o.s.b.a.SpringApplicationAdminMXBeanRegistrar$SpringApplicationAdmin [SpringApplicationAdminMXBeanRegistrar.java:159] Application shutdown requested.
2019-08-08 15:23:26,191 INFO [RMI TCP Connection(24)-127.0.0.1] o.s.s.c.ThreadPoolTaskExecutor [ExecutorConfigurationSupport.java:208] Shutting down ExecutorService 'applicationTaskExecutor'
2019-08-08 15:23:26,192 INFO [RMI TCP Connection(24)-127.0.0.1] o.s.o.j.LocalContainerEntityManagerFactoryBean [AbstractEntityManagerFactoryBean.java:597] Closing JPA EntityManagerFactory for persistence unit 'default'
2019-08-08 15:23:26,194 INFO [RMI TCP Connection(24)-127.0.0.1] c.z.h.HikariDataSource [HikariDataSource.java:350] HikariPool-1 - Shutdown initiated...
2019-08-08 15:23:26,199 INFO [RMI TCP Connection(24)-127.0.0.1] c.z.h.HikariDataSource [HikariDataSource.java:352] HikariPool-1 - Shutdown completed.
2019-08-08 15:23:28,107 INFO [main] c.a.b.BoardApplication [StartupInfoLogger.java:50] Starting BoardApplication on yunmin-uui-MacBookPro.local with PID 21911 (/Users/minwoo/git/board_mw/board/bin/main started by minwoo in /Users/minwoo/git/board_mw/board)
2019-08-08 15:23:28,112 INFO [main] c.a.b.BoardApplication [SpringApplication.java:646] No active profile set, falling back to default profiles: default
2019-08-08 15:23:28,722 INFO [main] o.s.d.r.c.RepositoryConfigurationDelegate [RepositoryConfigurationDelegate.java:126] Bootstrapping Spring Data repositories in DEFAULT mode.
2019-08-08 15:23:28,786 INFO [main] o.s.d.r.c.RepositoryConfigurationDelegate [RepositoryConfigurationDelegate.java:182] Finished Spring Data repository scanning in 55ms. Found 1 repository interfaces.
2019-08-08 15:23:29,204 INFO [main] o.s.c.s.PostProcessorRegistrationDelegate$BeanPostProcessorChecker [PostProcessorRegistrationDelegate.java:330] Bean 'org.springframework.transaction.annotation.ProxyTransactionManagementConfiguration' of type [org.springframework.transaction.annotation.ProxyTransactionManagementConfiguration$$EnhancerBySpringCGLIB$$a631185e] is not eligible for getting processed by all BeanPostProcessors (for example: not eligible for auto-proxying)
2019-08-08 15:23:29,401 INFO [main] o.s.b.w.e.t.TomcatWebServer [TomcatWebServer.java:90] Tomcat initialized with port(s): 8080 (http)
2019-08-08 15:23:29,414 INFO [main] o.a.c.h.Http11NioProtocol [DirectJDKLog.java:173] Initializing ProtocolHandler ["http-nio-8080"]
2019-08-08 15:23:29,422 INFO [main] o.a.c.c.StandardService [DirectJDKLog.java:173] Starting service [Tomcat]
2019-08-08 15:23:29,423 INFO [main] o.a.c.c.StandardEngine [DirectJDKLog.java:173] Starting Servlet engine: [Apache Tomcat/9.0.21]
2019-08-08 15:23:29,495 INFO [main] o.a.c.c.C.[.[.[/] [DirectJDKLog.java:173] Initializing Spring embedded WebApplicationContext
2019-08-08 15:23:29,496 INFO [main] o.s.w.c.ContextLoader [ServletWebServerApplicationContext.java:283] Root WebApplicationContext: initialization completed in 1306 ms
2019-08-08 15:23:29,607 INFO [main] c.z.h.HikariDataSource [HikariDataSource.java:110] HikariPool-1 - Starting...
2019-08-08 15:23:29,961 INFO [main] c.z.h.HikariDataSource [HikariDataSource.java:123] HikariPool-1 - Start completed.
2019-08-08 15:23:29,999 INFO [main] o.h.j.i.u.LogHelper [LogHelper.java:31] HHH000204: Processing PersistenceUnitInfo [
	name: default
	...]
2019-08-08 15:23:30,043 INFO [main] o.h.Version [Version.java:46] HHH000412: Hibernate Core {5.3.10.Final}
2019-08-08 15:23:30,044 INFO [main] o.h.c.Environment [Environment.java:213] HHH000206: hibernate.properties not found
2019-08-08 15:23:30,162 INFO [main] o.h.a.c.Version [JavaReflectionManager.java:49] HCANN000001: Hibernate Commons Annotations {5.0.4.Final}
2019-08-08 15:23:30,250 INFO [main] o.h.d.Dialect [Dialect.java:157] HHH000400: Using dialect: org.hibernate.dialect.MySQL5Dialect
2019-08-08 15:23:30,737 INFO [main] o.s.o.j.LocalContainerEntityManagerFactoryBean [AbstractEntityManagerFactoryBean.java:415] Initialized JPA EntityManagerFactory for persistence unit 'default'
2019-08-08 15:23:31,111 INFO [main] o.s.s.c.ThreadPoolTaskExecutor [ExecutorConfigurationSupport.java:171] Initializing ExecutorService 'applicationTaskExecutor'
2019-08-08 15:23:31,144 WARN [main] o.s.b.a.o.j.JpaBaseConfiguration$JpaWebConfiguration$JpaWebMvcConfiguration [JpaBaseConfiguration.java:225] spring.jpa.open-in-view is enabled by default. Therefore, database queries may be performed during view rendering. Explicitly configure spring.jpa.open-in-view to disable this warning
2019-08-08 15:23:31,366 INFO [main] o.a.c.h.Http11NioProtocol [DirectJDKLog.java:173] Starting ProtocolHandler ["http-nio-8080"]
2019-08-08 15:23:31,396 INFO [main] o.s.b.w.e.t.TomcatWebServer [TomcatWebServer.java:202] Tomcat started on port(s): 8080 (http) with context path ''
2019-08-08 15:23:31,399 INFO [main] c.a.b.BoardApplication [StartupInfoLogger.java:59] Started BoardApplication in 3.706 seconds (JVM running for 4.272)
2019-08-08 15:23:47,004 INFO [http-nio-8080-exec-2] o.a.c.c.C.[.[.[/] [DirectJDKLog.java:173] Initializing Spring DispatcherServlet 'dispatcherServlet'
2019-08-08 15:23:47,004 INFO [http-nio-8080-exec-2] o.s.w.s.DispatcherServlet [FrameworkServlet.java:524] Initializing Servlet 'dispatcherServlet'
2019-08-08 15:23:47,010 INFO [http-nio-8080-exec-2] o.s.w.s.DispatcherServlet [FrameworkServlet.java:546] Completed initialization in 6 ms
2019-08-08 15:23:47,045 INFO [http-nio-8080-exec-2] c.a.b.c.BoardController [BoardController.java:68] aa
2019-08-08 15:23:47,097 WARN [http-nio-8080-exec-2] o.h.e.j.s.SqlExceptionHelper [SqlExceptionHelper.java:137] SQL Error: 1048, SQLState: 23000
2019-08-08 15:23:47,097 ERROR [http-nio-8080-exec-2] o.h.e.j.s.SqlExceptionHelper [SqlExceptionHelper.java:142] Column 'contents' cannot be null
2019-08-08 15:23:47,108 INFO [http-nio-8080-exec-2] c.a.b.e.GlobalException [GlobalException.java:29] could not execute statement; SQL [n/a]; constraint [null]; nested exception is org.hibernate.exception.ConstraintViolationException: could not execute statement
2019-08-08 15:32:50,421 INFO [RMI TCP Connection(26)-127.0.0.1] o.s.b.a.SpringApplicationAdminMXBeanRegistrar$SpringApplicationAdmin [SpringApplicationAdminMXBeanRegistrar.java:159] Application shutdown requested.
2019-08-08 15:32:50,423 INFO [RMI TCP Connection(26)-127.0.0.1] o.s.s.c.ThreadPoolTaskExecutor [ExecutorConfigurationSupport.java:208] Shutting down ExecutorService 'applicationTaskExecutor'
2019-08-08 15:32:50,424 INFO [RMI TCP Connection(26)-127.0.0.1] o.s.o.j.LocalContainerEntityManagerFactoryBean [AbstractEntityManagerFactoryBean.java:597] Closing JPA EntityManagerFactory for persistence unit 'default'
2019-08-08 15:32:50,426 INFO [RMI TCP Connection(26)-127.0.0.1] c.z.h.HikariDataSource [HikariDataSource.java:350] HikariPool-1 - Shutdown initiated...
2019-08-08 15:32:50,430 INFO [RMI TCP Connection(26)-127.0.0.1] c.z.h.HikariDataSource [HikariDataSource.java:352] HikariPool-1 - Shutdown completed.
